<?xml version="1.0" encoding="UTF-8" ?>
<testsuite tests="1" failures="0" name="TestSuite" time="7.134" errors="0" skipped="1">
  <properties>
    <property name="java.runtime.name" value="Java(TM) SE Runtime Environment"/>
    <property name="sun.boot.library.path" value="D:\java\jdk1.8.0_131\jre\bin"/>
    <property name="java.vm.version" value="25.131-b11"/>
    <property name="java.vm.vendor" value="Oracle Corporation"/>
    <property name="java.vendor.url" value="http://java.oracle.com/"/>
    <property name="path.separator" value=";"/>
    <property name="java.vm.name" value="Java HotSpot(TM) 64-Bit Server VM"/>
    <property name="file.encoding.pkg" value="sun.io"/>
    <property name="user.script" value=""/>
    <property name="user.country" value="CN"/>
    <property name="sun.java.launcher" value="SUN_STANDARD"/>
    <property name="sun.os.patch.level" value=""/>
    <property name="java.vm.specification.name" value="Java Virtual Machine Specification"/>
    <property name="user.dir" value="D:\WorkHome\phoenix_web_case2"/>
    <property name="java.runtime.version" value="1.8.0_131-b11"/>
    <property name="java.awt.graphicsenv" value="sun.awt.Win32GraphicsEnvironment"/>
    <property name="basedir" value="D:\WorkHome\phoenix_web_case2"/>
    <property name="java.endorsed.dirs" value="D:\java\jdk1.8.0_131\jre\lib\endorsed"/>
    <property name="os.arch" value="amd64"/>
    <property name="surefire.real.class.path" value="D:\WorkHome\phoenix_web_case2\target\surefire\surefirebooter4069515708912897679.jar"/>
    <property name="java.io.tmpdir" value="C:\Users\ADMINI~1.PC-\AppData\Local\Temp\"/>
    <property name="line.separator" value="
"/>
    <property name="java.vm.specification.vendor" value="Oracle Corporation"/>
    <property name="user.variant" value=""/>
    <property name="os.name" value="Windows 10"/>
    <property name="sun.jnu.encoding" value="GBK"/>
    <property name="java.library.path" value="D:\java\jdk1.8.0_131\jre\bin;C:\WINDOWS\Sun\Java\bin;C:\WINDOWS\system32;C:\WINDOWS;D:\java\jdk1.8.0_131\jre\bin;D:/javac/bin/server;D:/javac/bin;D:/javac/lib/amd64;C:\ProgramData\Oracle\Java\javapath;C:\Windows\system32;C:\Windows;C:\Windows\System32\Wbem;C:\Windows\System32\WindowsPowerShell\v1.0\;C:\Program Files (x86)\NVIDIA Corporation\PhysX\Common;C:\WINDOWS\system32;C:\WINDOWS;C:\WINDOWS\System32\Wbem;C:\WINDOWS\System32\WindowsPowerShell\v1.0\;D:\java\jdk1.8.0_131\bin;D:\Git\Git\cmd;D:\maven\apache-maven-3.5.4\bin;C:\Users\Administrator.PC-201710241244\AppData\Local\Microsoft\WindowsApps;;C:\Users\Administrator.PC-201710241244\Desktop;;."/>
    <property name="surefire.test.class.path" value="D:\WorkHome\phoenix_web_case2\target\test-classes;D:\WorkHome\phoenix_web_case2\target\classes;D:\Maven_Repo\org\testng\testng\6.8.8\testng-6.8.8.jar;D:\Maven_Repo\org\beanshell\bsh\2.0b4\bsh-2.0b4.jar;D:\Maven_Repo\com\beust\jcommander\1.27\jcommander-1.27.jar;D:\Maven_Repo\org\seleniumhq\selenium\selenium-java\3.5.1\selenium-java-3.5.1.jar;D:\Maven_Repo\org\seleniumhq\selenium\selenium-api\3.5.1\selenium-api-3.5.1.jar;D:\Maven_Repo\org\seleniumhq\selenium\selenium-chrome-driver\3.5.1\selenium-chrome-driver-3.5.1.jar;D:\Maven_Repo\org\seleniumhq\selenium\selenium-edge-driver\3.5.1\selenium-edge-driver-3.5.1.jar;D:\Maven_Repo\org\seleniumhq\selenium\selenium-firefox-driver\3.5.1\selenium-firefox-driver-3.5.1.jar;D:\Maven_Repo\org\seleniumhq\selenium\selenium-ie-driver\3.5.1\selenium-ie-driver-3.5.1.jar;D:\Maven_Repo\org\seleniumhq\selenium\selenium-opera-driver\3.5.1\selenium-opera-driver-3.5.1.jar;D:\Maven_Repo\org\seleniumhq\selenium\selenium-remote-driver\3.5.1\selenium-remote-driver-3.5.1.jar;D:\Maven_Repo\org\seleniumhq\selenium\selenium-safari-driver\3.5.1\selenium-safari-driver-3.5.1.jar;D:\Maven_Repo\org\seleniumhq\selenium\selenium-support\3.5.1\selenium-support-3.5.1.jar;D:\Maven_Repo\cglib\cglib-nodep\3.2.4\cglib-nodep-3.2.4.jar;D:\Maven_Repo\org\apache\commons\commons-exec\1.3\commons-exec-1.3.jar;D:\Maven_Repo\org\apache\commons\commons-lang3\3.5\commons-lang3-3.5.jar;D:\Maven_Repo\commons-codec\commons-codec\1.10\commons-codec-1.10.jar;D:\Maven_Repo\commons-io\commons-io\2.5\commons-io-2.5.jar;D:\Maven_Repo\commons-logging\commons-logging\1.2\commons-logging-1.2.jar;D:\Maven_Repo\org\w3c\css\sac\1.3\sac-1.3.jar;D:\Maven_Repo\net\sourceforge\cssparser\cssparser\0.9.23\cssparser-0.9.23.jar;D:\Maven_Repo\com\google\code\gson\gson\2.8.0\gson-2.8.0.jar;D:\Maven_Repo\com\google\guava\guava\23.0\guava-23.0.jar;D:\Maven_Repo\com\google\code\findbugs\jsr305\1.3.9\jsr305-1.3.9.jar;D:\Maven_Repo\com\google\errorprone\error_prone_annotations\2.0.18\error_prone_annotations-2.0.18.jar;D:\Maven_Repo\com\google\j2objc\j2objc-annotations\1.1\j2objc-annotations-1.1.jar;D:\Maven_Repo\org\codehaus\mojo\animal-sniffer-annotations\1.14\animal-sniffer-annotations-1.14.jar;D:\Maven_Repo\org\hamcrest\hamcrest-core\1.3\hamcrest-core-1.3.jar;D:\Maven_Repo\net\sourceforge\htmlunit\htmlunit\2.27\htmlunit-2.27.jar;D:\Maven_Repo\net\sourceforge\htmlunit\htmlunit-core-js\2.27\htmlunit-core-js-2.27.jar;D:\Maven_Repo\net\sourceforge\htmlunit\neko-htmlunit\2.27\neko-htmlunit-2.27.jar;D:\Maven_Repo\org\apache\httpcomponents\httpclient\4.5.3\httpclient-4.5.3.jar;D:\Maven_Repo\org\apache\httpcomponents\httpcore\4.4.6\httpcore-4.4.6.jar;D:\Maven_Repo\org\apache\httpcomponents\httpmime\4.5.3\httpmime-4.5.3.jar;D:\Maven_Repo\org\eclipse\jetty\jetty-client\9.4.5.v20170502\jetty-client-9.4.5.v20170502.jar;D:\Maven_Repo\org\eclipse\jetty\jetty-http\9.4.5.v20170502\jetty-http-9.4.5.v20170502.jar;D:\Maven_Repo\org\eclipse\jetty\jetty-io\9.4.5.v20170502\jetty-io-9.4.5.v20170502.jar;D:\Maven_Repo\org\eclipse\jetty\jetty-util\9.4.5.v20170502\jetty-util-9.4.5.v20170502.jar;D:\Maven_Repo\net\java\dev\jna\jna\4.1.0\jna-4.1.0.jar;D:\Maven_Repo\net\java\dev\jna\jna-platform\4.1.0\jna-platform-4.1.0.jar;D:\Maven_Repo\com\codeborne\phantomjsdriver\1.4.0\phantomjsdriver-1.4.0.jar;D:\Maven_Repo\org\seleniumhq\selenium\htmlunit-driver\2.27\htmlunit-driver-2.27.jar;D:\Maven_Repo\javax\servlet\javax.servlet-api\3.1.0\javax.servlet-api-3.1.0.jar;D:\Maven_Repo\org\eclipse\jetty\websocket\websocket-api\9.4.5.v20170502\websocket-api-9.4.5.v20170502.jar;D:\Maven_Repo\org\eclipse\jetty\websocket\websocket-client\9.4.5.v20170502\websocket-client-9.4.5.v20170502.jar;D:\Maven_Repo\org\eclipse\jetty\websocket\websocket-common\9.4.5.v20170502\websocket-common-9.4.5.v20170502.jar;D:\Maven_Repo\xalan\serializer\2.7.2\serializer-2.7.2.jar;D:\Maven_Repo\xalan\xalan\2.7.2\xalan-2.7.2.jar;D:\Maven_Repo\xerces\xercesImpl\2.11.0\xercesImpl-2.11.0.jar;D:\Maven_Repo\xml-apis\xml-apis\1.4.01\xml-apis-1.4.01.jar;D:\Maven_Repo\junit\junit\4.12\junit-4.12.jar;D:\Maven_Repo\org\apache\poi\poi-ooxml\3.16\poi-ooxml-3.16.jar;D:\Maven_Repo\org\apache\poi\poi\3.16\poi-3.16.jar;D:\Maven_Repo\org\apache\commons\commons-collections4\4.1\commons-collections4-4.1.jar;D:\Maven_Repo\org\apache\poi\poi-ooxml-schemas\3.16\poi-ooxml-schemas-3.16.jar;D:\Maven_Repo\org\apache\xmlbeans\xmlbeans\2.6.0\xmlbeans-2.6.0.jar;D:\Maven_Repo\stax\stax-api\1.0.1\stax-api-1.0.1.jar;D:\Maven_Repo\com\github\virtuald\curvesapi\1.04\curvesapi-1.04.jar;D:\Maven_Repo\dom4j\dom4j\1.6.1\dom4j-1.6.1.jar;D:\Maven_Repo\log4j\log4j\1.2.17\log4j-1.2.17.jar;D:\Maven_Repo\org\uncommons\reportng\1.1.4\reportng-1.1.4.jar;D:\Maven_Repo\velocity\velocity\1.4\velocity-1.4.jar;D:\Maven_Repo\velocity\velocity-dep\1.4\velocity-dep-1.4.jar;D:\Maven_Repo\com\google\inject\guice\3.0\guice-3.0.jar;D:\Maven_Repo\javax\inject\javax.inject\1\javax.inject-1.jar;D:\Maven_Repo\aopalliance\aopalliance\1.0\aopalliance-1.0.jar;"/>
    <property name="java.specification.name" value="Java Platform API Specification"/>
    <property name="java.class.version" value="52.0"/>
    <property name="sun.management.compiler" value="HotSpot 64-Bit Tiered Compilers"/>
    <property name="os.version" value="10.0"/>
    <property name="user.home" value="C:\Users\Administrator.PC-201710241244"/>
    <property name="user.timezone" value="Asia/Shanghai"/>
    <property name="java.awt.printerjob" value="sun.awt.windows.WPrinterJob"/>
    <property name="java.specification.version" value="1.8"/>
    <property name="file.encoding" value="UTF-8"/>
    <property name="user.name" value="Administrator"/>
    <property name="java.class.path" value="D:\WorkHome\phoenix_web_case2\target\test-classes;D:\WorkHome\phoenix_web_case2\target\classes;D:\Maven_Repo\org\testng\testng\6.8.8\testng-6.8.8.jar;D:\Maven_Repo\org\beanshell\bsh\2.0b4\bsh-2.0b4.jar;D:\Maven_Repo\com\beust\jcommander\1.27\jcommander-1.27.jar;D:\Maven_Repo\org\seleniumhq\selenium\selenium-java\3.5.1\selenium-java-3.5.1.jar;D:\Maven_Repo\org\seleniumhq\selenium\selenium-api\3.5.1\selenium-api-3.5.1.jar;D:\Maven_Repo\org\seleniumhq\selenium\selenium-chrome-driver\3.5.1\selenium-chrome-driver-3.5.1.jar;D:\Maven_Repo\org\seleniumhq\selenium\selenium-edge-driver\3.5.1\selenium-edge-driver-3.5.1.jar;D:\Maven_Repo\org\seleniumhq\selenium\selenium-firefox-driver\3.5.1\selenium-firefox-driver-3.5.1.jar;D:\Maven_Repo\org\seleniumhq\selenium\selenium-ie-driver\3.5.1\selenium-ie-driver-3.5.1.jar;D:\Maven_Repo\org\seleniumhq\selenium\selenium-opera-driver\3.5.1\selenium-opera-driver-3.5.1.jar;D:\Maven_Repo\org\seleniumhq\selenium\selenium-remote-driver\3.5.1\selenium-remote-driver-3.5.1.jar;D:\Maven_Repo\org\seleniumhq\selenium\selenium-safari-driver\3.5.1\selenium-safari-driver-3.5.1.jar;D:\Maven_Repo\org\seleniumhq\selenium\selenium-support\3.5.1\selenium-support-3.5.1.jar;D:\Maven_Repo\cglib\cglib-nodep\3.2.4\cglib-nodep-3.2.4.jar;D:\Maven_Repo\org\apache\commons\commons-exec\1.3\commons-exec-1.3.jar;D:\Maven_Repo\org\apache\commons\commons-lang3\3.5\commons-lang3-3.5.jar;D:\Maven_Repo\commons-codec\commons-codec\1.10\commons-codec-1.10.jar;D:\Maven_Repo\commons-io\commons-io\2.5\commons-io-2.5.jar;D:\Maven_Repo\commons-logging\commons-logging\1.2\commons-logging-1.2.jar;D:\Maven_Repo\org\w3c\css\sac\1.3\sac-1.3.jar;D:\Maven_Repo\net\sourceforge\cssparser\cssparser\0.9.23\cssparser-0.9.23.jar;D:\Maven_Repo\com\google\code\gson\gson\2.8.0\gson-2.8.0.jar;D:\Maven_Repo\com\google\guava\guava\23.0\guava-23.0.jar;D:\Maven_Repo\com\google\code\findbugs\jsr305\1.3.9\jsr305-1.3.9.jar;D:\Maven_Repo\com\google\errorprone\error_prone_annotations\2.0.18\error_prone_annotations-2.0.18.jar;D:\Maven_Repo\com\google\j2objc\j2objc-annotations\1.1\j2objc-annotations-1.1.jar;D:\Maven_Repo\org\codehaus\mojo\animal-sniffer-annotations\1.14\animal-sniffer-annotations-1.14.jar;D:\Maven_Repo\org\hamcrest\hamcrest-core\1.3\hamcrest-core-1.3.jar;D:\Maven_Repo\net\sourceforge\htmlunit\htmlunit\2.27\htmlunit-2.27.jar;D:\Maven_Repo\net\sourceforge\htmlunit\htmlunit-core-js\2.27\htmlunit-core-js-2.27.jar;D:\Maven_Repo\net\sourceforge\htmlunit\neko-htmlunit\2.27\neko-htmlunit-2.27.jar;D:\Maven_Repo\org\apache\httpcomponents\httpclient\4.5.3\httpclient-4.5.3.jar;D:\Maven_Repo\org\apache\httpcomponents\httpcore\4.4.6\httpcore-4.4.6.jar;D:\Maven_Repo\org\apache\httpcomponents\httpmime\4.5.3\httpmime-4.5.3.jar;D:\Maven_Repo\org\eclipse\jetty\jetty-client\9.4.5.v20170502\jetty-client-9.4.5.v20170502.jar;D:\Maven_Repo\org\eclipse\jetty\jetty-http\9.4.5.v20170502\jetty-http-9.4.5.v20170502.jar;D:\Maven_Repo\org\eclipse\jetty\jetty-io\9.4.5.v20170502\jetty-io-9.4.5.v20170502.jar;D:\Maven_Repo\org\eclipse\jetty\jetty-util\9.4.5.v20170502\jetty-util-9.4.5.v20170502.jar;D:\Maven_Repo\net\java\dev\jna\jna\4.1.0\jna-4.1.0.jar;D:\Maven_Repo\net\java\dev\jna\jna-platform\4.1.0\jna-platform-4.1.0.jar;D:\Maven_Repo\com\codeborne\phantomjsdriver\1.4.0\phantomjsdriver-1.4.0.jar;D:\Maven_Repo\org\seleniumhq\selenium\htmlunit-driver\2.27\htmlunit-driver-2.27.jar;D:\Maven_Repo\javax\servlet\javax.servlet-api\3.1.0\javax.servlet-api-3.1.0.jar;D:\Maven_Repo\org\eclipse\jetty\websocket\websocket-api\9.4.5.v20170502\websocket-api-9.4.5.v20170502.jar;D:\Maven_Repo\org\eclipse\jetty\websocket\websocket-client\9.4.5.v20170502\websocket-client-9.4.5.v20170502.jar;D:\Maven_Repo\org\eclipse\jetty\websocket\websocket-common\9.4.5.v20170502\websocket-common-9.4.5.v20170502.jar;D:\Maven_Repo\xalan\serializer\2.7.2\serializer-2.7.2.jar;D:\Maven_Repo\xalan\xalan\2.7.2\xalan-2.7.2.jar;D:\Maven_Repo\xerces\xercesImpl\2.11.0\xercesImpl-2.11.0.jar;D:\Maven_Repo\xml-apis\xml-apis\1.4.01\xml-apis-1.4.01.jar;D:\Maven_Repo\junit\junit\4.12\junit-4.12.jar;D:\Maven_Repo\org\apache\poi\poi-ooxml\3.16\poi-ooxml-3.16.jar;D:\Maven_Repo\org\apache\poi\poi\3.16\poi-3.16.jar;D:\Maven_Repo\org\apache\commons\commons-collections4\4.1\commons-collections4-4.1.jar;D:\Maven_Repo\org\apache\poi\poi-ooxml-schemas\3.16\poi-ooxml-schemas-3.16.jar;D:\Maven_Repo\org\apache\xmlbeans\xmlbeans\2.6.0\xmlbeans-2.6.0.jar;D:\Maven_Repo\stax\stax-api\1.0.1\stax-api-1.0.1.jar;D:\Maven_Repo\com\github\virtuald\curvesapi\1.04\curvesapi-1.04.jar;D:\Maven_Repo\dom4j\dom4j\1.6.1\dom4j-1.6.1.jar;D:\Maven_Repo\log4j\log4j\1.2.17\log4j-1.2.17.jar;D:\Maven_Repo\org\uncommons\reportng\1.1.4\reportng-1.1.4.jar;D:\Maven_Repo\velocity\velocity\1.4\velocity-1.4.jar;D:\Maven_Repo\velocity\velocity-dep\1.4\velocity-dep-1.4.jar;D:\Maven_Repo\com\google\inject\guice\3.0\guice-3.0.jar;D:\Maven_Repo\javax\inject\javax.inject\1\javax.inject-1.jar;D:\Maven_Repo\aopalliance\aopalliance\1.0\aopalliance-1.0.jar;"/>
    <property name="java.vm.specification.version" value="1.8"/>
    <property name="sun.arch.data.model" value="64"/>
    <property name="java.home" value="D:\java\jdk1.8.0_131\jre"/>
    <property name="sun.java.command" value="D:\WorkHome\phoenix_web_case2\target\surefire\surefirebooter4069515708912897679.jar D:\WorkHome\phoenix_web_case2\target\surefire\surefire5834158606593535940tmp D:\WorkHome\phoenix_web_case2\target\surefire\surefire7436015199304438805tmp"/>
    <property name="java.specification.vendor" value="Oracle Corporation"/>
    <property name="user.language" value="zh"/>
    <property name="awt.toolkit" value="sun.awt.windows.WToolkit"/>
    <property name="java.vm.info" value="mixed mode"/>
    <property name="java.version" value="1.8.0_131"/>
    <property name="java.ext.dirs" value="D:\java\jdk1.8.0_131\jre\lib\ext;C:\WINDOWS\Sun\Java\lib\ext"/>
    <property name="sun.boot.class.path" value="D:\java\jdk1.8.0_131\jre\lib\resources.jar;D:\java\jdk1.8.0_131\jre\lib\rt.jar;D:\java\jdk1.8.0_131\jre\lib\sunrsasign.jar;D:\java\jdk1.8.0_131\jre\lib\jsse.jar;D:\java\jdk1.8.0_131\jre\lib\jce.jar;D:\java\jdk1.8.0_131\jre\lib\charsets.jar;D:\java\jdk1.8.0_131\jre\lib\jfr.jar;D:\java\jdk1.8.0_131\jre\classes"/>
    <property name="webdriver.chrome.driver" value="src/test/resources/chromedriver.exe"/>
    <property name="java.vendor" value="Oracle Corporation"/>
    <property name="org.uncommons.reportng.escape-output" value="false"/>
    <property name="localRepository" value="D:\Maven_Repo"/>
    <property name="file.separator" value="\"/>
    <property name="java.vendor.url.bug" value="http://bugreport.sun.com/bugreport/"/>
    <property name="sun.cpu.endian" value="little"/>
    <property name="sun.io.unicode.encoding" value="UnicodeLittle"/>
    <property name="sun.desktop" value="windows"/>
    <property name="sun.cpu.isalist" value="amd64"/>
  </properties>
  <testcase classname="com.lemon.phoenix.web.cases.RegisterCase2" name="failCase" time="0">
    <skipped/>
  </testcase>
</testsuite>